[0.414s] Invoking command in '/home/karim/mako_robot/mako_ws/build/mako_nolang_interfaces': CMAKE_PREFIX_PATH=${CMAKE_PREFIX_PATH}:/home/karim/project_ws/install/ros_project_pkg_py_robot_driver:/home/karim/project_ws/install/dev_test_tools:/home/karim/ros2_ws/install/my_py_pkg:/home/karim/mako_robot/mako_ws/install/mako_py_serial_interface:/home/karim/mako_robot/mako_ws/install/mako_py_feedback_actuators:/home/karim/mako_robot/mako_ws/install/mako_py_brain:/home/karim/mako_robot/mako_ws/install/dev_test_tools:/opt/ros/foxy /usr/bin/cmake --build /home/karim/mako_robot/mako_ws/build/mako_nolang_interfaces -- -j6 -l6
[1.072s] -- Found ament_cmake: 0.9.8 (/opt/ros/foxy/share/ament_cmake/cmake)
[1.072s] -- Using PYTHON_EXECUTABLE: /usr/bin/python3
[1.073s] -- Override CMake install command with custom implementation using symlinks instead of copying resources
[1.073s] -- Found rosidl_default_generators: 1.0.0 (/opt/ros/foxy/share/rosidl_default_generators/cmake)
[1.073s] -- Using all available rosidl_typesupport_c: rosidl_typesupport_fastrtps_c;rosidl_typesupport_introspection_c
[1.074s] -- Found rosidl_adapter: 1.2.0 (/opt/ros/foxy/share/rosidl_adapter/cmake)
[1.074s] -- Found OpenSSL: /usr/lib/x86_64-linux-gnu/libcrypto.so (found version "1.1.1f")  
[1.076s] -- Found FastRTPS: /opt/ros/foxy/include  
[1.184s] -- Using all available rosidl_typesupport_cpp: rosidl_typesupport_fastrtps_cpp;rosidl_typesupport_introspection_cpp
[1.274s] -- Found PythonInterp: /usr/bin/python3 (found version "3.8.5") 
[1.584s] CMake Error at /opt/ros/foxy/share/rosidl_adapter/cmake/rosidl_adapt_interfaces.cmake:60 (message):
[1.585s]   execute_process(/usr/bin/python3 -m rosidl_adapter --package-name
[1.586s]   mako_nolang_interfaces --arguments-file
[1.587s]   /home/karim/mako_robot/mako_ws/build/mako_nolang_interfaces/rosidl_adapter__arguments__mako_nolang_interfaces.json
[1.588s]   --output-dir
[1.588s]   /home/karim/mako_robot/mako_ws/build/mako_nolang_interfaces/rosidl_adapter/mako_nolang_interfaces
[1.588s]   --output-file
[1.588s]   /home/karim/mako_robot/mako_ws/build/mako_nolang_interfaces/rosidl_adapter/mako_nolang_interfaces.idls)
[1.588s]   returned error code 1:
[1.588s] 
[1.588s]   Error processing 'string expType' of
[1.588s]   'mako_nolang_interfaces/LedControl_Request': ''expType' is an invalid field
[1.588s]   name.  It should have the pattern '^(?!.*__)(?!.*_$)[a-z][a-z0-9_]*$''
[1.589s] 
[1.589s]   Traceback (most recent call last):
[1.589s] 
[1.589s]     File "/usr/lib/python3.8/runpy.py", line 194, in _run_module_as_main
[1.589s]       return _run_code(code, main_globals, None,
[1.590s]     File "/usr/lib/python3.8/runpy.py", line 87, in _run_code
[1.590s]       exec(code, run_globals)
[1.590s]     File "/opt/ros/foxy/lib/python3.8/site-packages/rosidl_adapter/__main__.py", line 19, in <module>
[1.590s]       sys.exit(main())
[1.590s]     File "/opt/ros/foxy/lib/python3.8/site-packages/rosidl_adapter/main.py", line 53, in main
[1.590s]       abs_idl_file = convert_to_idl(
[1.590s]     File "/opt/ros/foxy/lib/python3.8/site-packages/rosidl_adapter/__init__.py", line 24, in convert_to_idl
[1.591s]       return convert_srv_to_idl(
[1.591s]     File "/opt/ros/foxy/lib/python3.8/site-packages/rosidl_adapter/srv/__init__.py", line 28, in convert_srv_to_idl
[1.591s]       srv = parse_service_string(package_name, input_file.stem, content)
[1.591s]     File "/opt/ros/foxy/lib/python3.8/site-packages/rosidl_adapter/parser.py", line 842, in parse_service_string
[1.591s]       request_message = parse_message_string(
[1.591s]     File "/opt/ros/foxy/lib/python3.8/site-packages/rosidl_adapter/parser.py", line 512, in parse_message_string
[1.591s]       fields.append(Field(
[1.591s]     File "/opt/ros/foxy/lib/python3.8/site-packages/rosidl_adapter/parser.py", line 353, in __init__
[1.591s]       raise NameError(
[1.591s] 
[1.591s]   NameError: 'expType' is an invalid field name.  It should have the pattern
[1.592s]   '^(?!.*__)(?!.*_$)[a-z][a-z0-9_]*$'
[1.592s] 
[1.592s] Call Stack (most recent call first):
[1.592s]   /opt/ros/foxy/share/rosidl_cmake/cmake/rosidl_generate_interfaces.cmake:130 (rosidl_adapt_interfaces)
[1.592s]   CMakeLists.txt:17 (rosidl_generate_interfaces)
[1.592s] 
[1.592s] 
[1.592s] -- Configuring incomplete, errors occurred!
[1.593s] See also "/home/karim/mako_robot/mako_ws/build/mako_nolang_interfaces/CMakeFiles/CMakeOutput.log".
[1.593s] make: *** [Makefile:222: cmake_check_build_system] Error 1
[1.608s] Invoked command in '/home/karim/mako_robot/mako_ws/build/mako_nolang_interfaces' returned '2': CMAKE_PREFIX_PATH=${CMAKE_PREFIX_PATH}:/home/karim/project_ws/install/ros_project_pkg_py_robot_driver:/home/karim/project_ws/install/dev_test_tools:/home/karim/ros2_ws/install/my_py_pkg:/home/karim/mako_robot/mako_ws/install/mako_py_serial_interface:/home/karim/mako_robot/mako_ws/install/mako_py_feedback_actuators:/home/karim/mako_robot/mako_ws/install/mako_py_brain:/home/karim/mako_robot/mako_ws/install/dev_test_tools:/opt/ros/foxy /usr/bin/cmake --build /home/karim/mako_robot/mako_ws/build/mako_nolang_interfaces -- -j6 -l6
